<?xml version="1.0" encoding="UTF-8"?>
<!-- Generated by org.testng.reporters.JUnitReportReporter -->
<testsuite hostname="DESKTOP-BQVK38V" failures="0" tests="8" name="com.Testcases.Login_Test" time="0.021" errors="1" timestamp="2023-10-24T19:50:26 IST" skipped="7">
  <testcase classname="com.Testcases.Login_Test" name="verifyloginwithExcel" time="0.001">
    <skipped/>
  </testcase> <!-- verifyloginwithExcel -->
  <testcase classname="com.Testcases.Login_Test" name="verifyloginwithExcel" time="0.000">
    <skipped/>
  </testcase> <!-- verifyloginwithExcel -->
  <testcase classname="com.Testcases.Login_Test" name="verifyloginwithExcel" time="0.000">
    <skipped/>
  </testcase> <!-- verifyloginwithExcel -->
  <testcase classname="com.Testcases.Login_Test" name="verifyloginwithExcel" time="0.000">
    <skipped/>
  </testcase> <!-- verifyloginwithExcel -->
  <testcase classname="com.Testcases.Login_Test" name="setup" time="0.017">
    <error message="Cannot invoke &quot;java.util.Properties.getProperty(String)&quot; because &quot;com.Base.Test_base.props&quot; is null" type="java.lang.NullPointerException">
      <![CDATA[java.lang.NullPointerException: Cannot invoke "java.util.Properties.getProperty(String)" because "com.Base.Test_base.props" is null
at com.Base.Test_base.Initialization(Test_base.java:37)
at com.Testcases.Login_Test.setup(Login_Test.java:26)
at java.base/jdk.internal.reflect.NativeMethodAccessorImpl.invoke0(Native Method)
at java.base/jdk.internal.reflect.NativeMethodAccessorImpl.invoke(NativeMethodAccessorImpl.java:77)
at java.base/jdk.internal.reflect.DelegatingMethodAccessorImpl.invoke(DelegatingMethodAccessorImpl.java:43)
at java.base/java.lang.reflect.Method.invoke(Method.java:568)
at org.testng.internal.invokers.MethodInvocationHelper.invokeMethod(MethodInvocationHelper.java:139)
at org.testng.internal.invokers.MethodInvocationHelper.invokeMethodConsideringTimeout(MethodInvocationHelper.java:69)
at org.testng.internal.invokers.ConfigInvoker.invokeConfigurationMethod(ConfigInvoker.java:390)
at org.testng.internal.invokers.ConfigInvoker.invokeConfigurations(ConfigInvoker.java:325)
at org.testng.internal.invokers.TestInvoker.runConfigMethods(TestInvoker.java:810)
at org.testng.internal.invokers.TestInvoker.invokeMethod(TestInvoker.java:577)
at org.testng.internal.invokers.TestInvoker.invokeTestMethod(TestInvoker.java:227)
at org.testng.internal.invokers.MethodRunner.runInSequence(MethodRunner.java:50)
at org.testng.internal.invokers.TestInvoker$MethodInvocationAgent.invoke(TestInvoker.java:957)
at org.testng.internal.invokers.TestInvoker.invokeTestMethods(TestInvoker.java:200)
at org.testng.internal.invokers.TestMethodWorker.invokeTestMethods(TestMethodWorker.java:148)
at org.testng.internal.invokers.TestMethodWorker.run(TestMethodWorker.java:128)
at java.base/java.util.ArrayList.forEach(ArrayList.java:1511)
at org.testng.TestRunner.privateRun(TestRunner.java:848)
at org.testng.TestRunner.run(TestRunner.java:621)
at org.testng.SuiteRunner.runTest(SuiteRunner.java:443)
at org.testng.SuiteRunner.runSequentially(SuiteRunner.java:437)
at org.testng.SuiteRunner.privateRun(SuiteRunner.java:397)
at org.testng.SuiteRunner.run(SuiteRunner.java:336)
at org.testng.SuiteRunnerWorker.runSuite(SuiteRunnerWorker.java:52)
at org.testng.SuiteRunnerWorker.run(SuiteRunnerWorker.java:95)
at org.testng.TestNG.runSuitesSequentially(TestNG.java:1280)
at org.testng.TestNG.runSuitesLocally(TestNG.java:1200)
at org.testng.TestNG.runSuites(TestNG.java:1114)
at org.testng.TestNG.run(TestNG.java:1082)
at org.testng.remote.AbstractRemoteTestNG.run(AbstractRemoteTestNG.java:115)
at org.testng.remote.RemoteTestNG.initAndRun(RemoteTestNG.java:251)
at org.testng.remote.RemoteTestNG.main(RemoteTestNG.java:77)
]]>
    </error>
  </testcase> <!-- setup -->
  <testcase classname="com.Testcases.Login_Test" name="Verifylogin" time="0.001">
    <skipped/>
  </testcase> <!-- Verifylogin -->
  <testcase classname="com.Testcases.Login_Test" name="verifyloginwithExcel" time="0.000">
    <skipped/>
  </testcase> <!-- verifyloginwithExcel -->
  <testcase classname="com.Testcases.Login_Test" name="verifyloginwithExcel" time="0.002">
    <skipped/>
  </testcase> <!-- verifyloginwithExcel -->
</testsuite> <!-- com.Testcases.Login_Test -->
